<?xml version="1.0" encoding="UTF-8"?>
<!-- Generated by org.testng.reporters.JUnitReportReporter -->
<testsuite hostname="ATMECSINLT-601" failures="0" tests="1" name="com.atmecs.employee_details.tests.Employee_Datails" time="13.279" errors="0" timestamp="2020-10-16T22:24:23 IST" skipped="0">
  <testcase classname="com.atmecs.employee_details.tests.Employee_Datails" name="getData" time="13.279"/>
  <system-out/>
</testsuite> <!-- com.atmecs.employee_details.tests.Employee_Datails -->
